<?xml version="1.0" encoding="UTF-8"?>
<!-- Generated by org.testng.reporters.JUnitXMLReporter -->
<testsuite ignored="0" hostname="CS-RAFILAP" failures="0" tests="4" name="Test" time="6.144" errors="0" timestamp="2021-03-16T20:07:40 AST">
  <testcase classname="api_WebServices.Post_Request01" name="delete_01" time="2.598"/>
  <testcase classname="api_WebServices.Post_Request01" name="patch_01" time="0.655"/>
  <testcase classname="api_WebServices.Post_Request01" name="post_01" time="2.311"/>
  <testcase classname="api_WebServices.Post_Request01" name="put_01" time="0.458"/>
</testsuite> <!-- Test -->
