<?xml version="1.0" encoding="UTF-8"?>
<testng-results ignored="0" total="1" passed="1" failed="0" skipped="0">
  <reporter-output>
  </reporter-output>
  <suite started-at="2021-03-15T18:27:33 AST" name="Default suite" finished-at="2021-03-15T18:27:35 AST" duration-ms="1942">
    <groups>
    </groups>
    <test started-at="2021-03-15T18:27:33 AST" name="Default test" finished-at="2021-03-15T18:27:35 AST" duration-ms="1942">
      <class name="api_WebServices.Examples">
        <test-method signature="test()[pri:0, instance:api_WebServices.Examples@355ce81c]" started-at="2021-03-15T18:27:33 AST" name="test" finished-at="2021-03-15T18:27:35 AST" duration-ms="1896" status="PASS">
          <reporter-output>
          </reporter-output>
        </test-method> <!-- test -->
      </class> <!-- api_WebServices.Examples -->
    </test> <!-- Default test -->
  </suite> <!-- Default suite -->
</testng-results>
