<?xml version="1.0" encoding="UTF-8"?>
<!-- Generated by org.testng.reporters.JUnitXMLReporter -->
<testsuite ignored="5" hostname="CS-RAFILAP" failures="0" tests="1" name="Default test" time="1.78" errors="0" timestamp="2021-03-15T21:10:40 AST">
  <testcase classname="api_WebServices.PostPutExamples" name="test_get01" time="1.665"/>
  <testcase classname="api_WebServices.PostPutExamples" name="test_put" time="0.0">
    <ignored/>
  </testcase> <!-- test_put -->
  <testcase classname="api_WebServices.PostPutExamples" name="test_post" time="0.0">
    <ignored/>
  </testcase> <!-- test_post -->
  <testcase classname="api_WebServices.PostPutExamples" name="test_patch" time="0.0">
    <ignored/>
  </testcase> <!-- test_patch -->
  <testcase classname="api_WebServices.PostPutExamples" name="test_delete" time="0.0">
    <ignored/>
  </testcase> <!-- test_delete -->
  <testcase classname="api_WebServices.PostPutExamples" name="test_get02" time="0.0">
    <ignored/>
  </testcase> <!-- test_get02 -->
</testsuite> <!-- Default test -->
