<?xml version="1.0" encoding="UTF-8"?>
<!-- Generated by org.testng.reporters.JUnitXMLReporter -->
<testsuite hostname="NT0010" ignored="5" name="Default test" tests="1" failures="0" timestamp="2021-03-15T18:25:21 AST" time="1.944" errors="0">
  <testcase name="test_delete" time="1.909" classname="api_WebServices.PostPutExamples"/>
  <testcase name="test_put" time="0.0" classname="api_WebServices.PostPutExamples">
    <ignored/>
  </testcase> <!-- test_put -->
  <testcase name="test_post" time="0.0" classname="api_WebServices.PostPutExamples">
    <ignored/>
  </testcase> <!-- test_post -->
  <testcase name="test_patch" time="0.0" classname="api_WebServices.PostPutExamples">
    <ignored/>
  </testcase> <!-- test_patch -->
  <testcase name="test_get01" time="0.0" classname="api_WebServices.PostPutExamples">
    <ignored/>
  </testcase> <!-- test_get01 -->
  <testcase name="test_get02" time="0.0" classname="api_WebServices.PostPutExamples">
    <ignored/>
  </testcase> <!-- test_get02 -->
</testsuite> <!-- Default test -->
